<?xml version="1.0" encoding="UTF-8"?>
<!-- Generated by org.testng.reporters.JUnitXMLReporter -->
<testsuite hostname="MYNB115" ignored="1" name="Dasara" tests="13" failures="2" timestamp="24 Aug 2019 03:05:33 GMT" time="0.137" errors="0">
  <testcase name="f" time="0.005" classname="com.auto.testNG.AutoGeneratedTEtNG"/>
  <testcase name="multiTestA" time="0.001" classname="com.auto.testNG.DataProviders.TC"/>
  <testcase name="multiTestA" time="0.001" classname="com.auto.testNG.DataProviders.TC"/>
  <testcase name="multiTestB" time="0.002" classname="com.auto.testNG.DataProviders.TC"/>
  <testcase name="multiTestB" time="0.001" classname="com.auto.testNG.DataProviders.TC"/>
  <testcase name="validate" time="0.005" classname="com.auto.testNG.assertions.ValidationsTestNG"/>
  <testcase name="makePayment" time="0.002" classname="com.auto.testNG.SearchAndBuyTest">
    <skipped/>
  </testcase> <!-- makePayment -->
  <testcase name="search" time="0.002" classname="com.auto.testNG.SearchAndBuyTest"/>
  <testcase name="doLoginTest" time="0.001" classname="com.auto.testNG.ParameterizedTest"/>
  <testcase name="doLoginTest" time="0.002" classname="com.auto.testNG.ParameterizedTest"/>
  <testcase name="doLoginTest" time="0.001" classname="com.auto.testNG.ParameterizedTest"/>
  <testcase name="addToBag" time="0.005" classname="com.auto.testNG.assertions.softAssertions.SoftAssertExamples">
    <failure type="java.lang.AssertionError" message="The following asserts failed:
	expected [B] but found [A],
	expected [H] but found [X],
	expected [B] but found [E]">
      <![CDATA[java.lang.AssertionError: The following asserts failed:
expected [B] but found [A],
expected [H] but found [X],
expected [B] but found [E]
at com.auto.testNG.assertions.softAssertions.SoftAssertExamples.addToBag(SoftAssertExamples.java:35)
... Removed 26 stack frames]]>
    </failure>
  </testcase> <!-- addToBag -->
  <testcase name="search" time="0.001" classname="com.auto.testNG.assertions.softAssertions.SoftAssertExamples">
    <failure type="java.lang.AssertionError" message="The following asserts failed:
	expected [B] but found [A],
	expected [H] but found [X],
	expected [B] but found [E],
	expected [B] but found [A],
	expected [H] but found [X],
	expected [B] but found [E]">
      <![CDATA[java.lang.AssertionError: The following asserts failed:
expected [B] but found [A],
expected [H] but found [X],
expected [B] but found [E],
expected [B] but found [A],
expected [H] but found [X],
expected [B] but found [E]
at com.auto.testNG.assertions.softAssertions.SoftAssertExamples.search(SoftAssertExamples.java:21)
... Removed 26 stack frames]]>
    </failure>
  </testcase> <!-- search -->
  <testcase name="addToCart" time="0.0" classname="com.auto.testNG.SearchAndBuyTest">
    <ignored/>
  </testcase> <!-- addToCart -->
</testsuite> <!-- Dasara -->
